{"contracts\\EmbToken.sol":{"l":{"20":58,"21":58,"22":58},"path":"C:\\STUFF\\EMBER_GAME\\ICO\\SOLO_ICO\\emberIcoLatest\\contracts\\EmbToken.sol","s":{"1":58,"2":58,"3":58},"b":{"1":[58,0]},"f":{"1":58},"fnMap":{"1":{"name":"constructor","line":18,"loc":{"start":{"line":12,"column":2},"end":{"line":23,"column":2}}}},"statementMap":{"1":{"start":{"line":20,"column":4},"end":{"line":20,"column":58}},"2":{"start":{"line":21,"column":4},"end":{"line":21,"column":64}},"3":{"start":{"line":22,"column":4},"end":{"line":22,"column":34}}},"branchMap":{"1":{"line":20,"type":"if","locations":[{"start":{"line":20,"column":4},"end":{"line":20,"column":4}},{"start":{"line":20,"column":4},"end":{"line":20,"column":4}}]}}},"contracts\\EmbTokenCrowdsale.sol":{"l":{"94":28,"95":28,"97":28,"98":28,"99":28,"100":28,"101":28,"102":28,"103":28,"111":7,"118":3,"125":0,"132":11,"134":11,"135":11,"137":0,"140":11,"141":11,"142":11,"144":11,"145":11,"146":11,"148":7,"150":7,"151":7,"153":7,"154":7,"156":7,"158":7,"159":7,"160":7,"161":7,"163":7,"164":0,"166":0,"171":2,"175":1,"184":1,"192":13,"193":13,"195":13,"196":0,"197":0,"199":8,"200":8,"202":5,"211":1,"212":1,"219":8,"220":4,"221":4,"223":2,"225":2,"226":2,"233":2,"235":2,"242":2,"244":2,"245":2,"246":2,"247":0,"248":0,"249":0,"258":2,"259":2,"260":2,"261":2,"263":2,"270":2,"272":2,"273":2,"277":0,"279":0,"283":0,"285":0,"289":0,"291":0,"292":0,"296":0,"298":0,"302":0,"304":0,"305":0,"309":0,"311":0,"312":0,"316":0,"318":0,"319":0,"323":0,"325":0,"326":0,"331":0,"333":0,"334":0,"338":0,"340":0,"341":0,"345":0,"347":0,"348":0,"352":0,"354":0,"355":0,"362":2},"path":"C:\\STUFF\\EMBER_GAME\\ICO\\SOLO_ICO\\emberIcoLatest\\contracts\\EmbTokenCrowdsale.sol","s":{"1":28,"2":28,"3":28,"4":28,"5":28,"6":28,"7":28,"8":28,"9":28,"10":7,"11":0,"12":11,"13":11,"14":11,"15":0,"16":0,"17":11,"18":11,"19":11,"20":11,"21":11,"22":11,"23":7,"24":7,"25":7,"26":7,"27":7,"28":7,"29":7,"30":7,"31":7,"32":7,"33":7,"34":0,"35":7,"36":0,"37":2,"38":1,"39":1,"40":13,"41":13,"42":13,"43":0,"44":0,"45":13,"46":8,"47":8,"48":5,"49":5,"50":1,"51":1,"52":8,"53":4,"54":4,"55":2,"56":2,"57":2,"58":2,"59":2,"60":2,"61":2,"62":2,"63":2,"64":0,"65":0,"66":0,"67":2,"68":2,"69":2,"70":2,"71":2,"72":2,"73":2,"74":2,"75":0,"76":0,"77":0,"78":0,"79":0,"80":0,"81":0,"82":0,"83":0,"84":0,"85":0,"86":0,"87":0,"88":0,"89":0,"90":0,"91":0,"92":0,"93":0,"94":0,"95":0,"96":0,"97":0,"98":0,"99":0,"100":0,"101":0,"102":0,"103":0,"104":0,"105":0,"106":0,"107":0,"108":2},"b":{"1":[28,0],"2":[28,0],"3":[11,0],"4":[11,0],"5":[11,0],"6":[0,0],"7":[0,0],"8":[11,0],"9":[11,0],"10":[7,4],"11":[0,7],"12":[0,7],"13":[13,0],"14":[13,0],"15":[0,13],"16":[8,5],"17":[5,0],"18":[1,0],"19":[4,4],"20":[4,0],"21":[2,2],"22":[0,0],"23":[0,0],"24":[0,0],"25":[0,0],"26":[0,0],"27":[0,0],"28":[0,0],"29":[0,0],"30":[0,0],"31":[0,0],"32":[0,0],"33":[0,0]},"f":{"1":28,"2":7,"3":0,"4":11,"5":2,"6":1,"7":1,"8":13,"9":1,"10":8,"11":0,"12":0,"13":0,"14":0,"15":0,"16":0,"17":0,"18":0,"19":0,"20":0,"21":0,"22":0,"23":2},"fnMap":{"1":{"name":"constructor","line":85,"loc":{"start":{"line":85,"column":4},"end":{"line":104,"column":4}}},"2":{"name":"_getTokenAmount","line":110,"loc":{"start":{"line":110,"column":4},"end":{"line":112,"column":4}}},"3":{"name":null,"line":124,"loc":{"start":{"line":124,"column":4},"end":{"line":126,"column":4}}},"4":{"name":"buyTokens","line":131,"loc":{"start":{"line":131,"column":4},"end":{"line":168,"column":4}}},"5":{"name":"pause","line":170,"loc":{"start":{"line":170,"column":4},"end":{"line":172,"column":4}}},"6":{"name":"unpause","line":174,"loc":{"start":{"line":174,"column":4},"end":{"line":176,"column":4}}},"7":{"name":"getUserContribution","line":183,"loc":{"start":{"line":183,"column":4},"end":{"line":185,"column":4}}},"8":{"name":"incrementCrowdsaleStage","line":191,"loc":{"start":{"line":191,"column":4},"end":{"line":204,"column":4}}},"9":{"name":"updateCrowdsaleRate","line":210,"loc":{"start":{"line":210,"column":4},"end":{"line":213,"column":4}}},"10":{"name":"distributeTokens","line":218,"loc":{"start":{"line":218,"column":4},"end":{"line":274,"column":4}}},"11":{"name":"getFoundationVestedContract1","line":276,"loc":{"start":{"line":276,"column":4},"end":{"line":280,"column":4}}},"12":{"name":"getFoundationVestedContract2","line":282,"loc":{"start":{"line":282,"column":4},"end":{"line":286,"column":4}}},"13":{"name":"getTokenSaleVestedContract","line":288,"loc":{"start":{"line":288,"column":4},"end":{"line":293,"column":4}}},"14":{"name":"getGameVestedContract","line":295,"loc":{"start":{"line":295,"column":4},"end":{"line":299,"column":4}}},"15":{"name":"getFoundationVestedFunds1","line":301,"loc":{"start":{"line":301,"column":4},"end":{"line":306,"column":4}}},"16":{"name":"getFoundationVestedFunds2","line":308,"loc":{"start":{"line":308,"column":4},"end":{"line":313,"column":4}}},"17":{"name":"getTokenSaleVestedFunds","line":315,"loc":{"start":{"line":315,"column":4},"end":{"line":320,"column":4}}},"18":{"name":"getGameVestedFunds","line":322,"loc":{"start":{"line":322,"column":4},"end":{"line":327,"column":4}}},"19":{"name":"releaseFoundationVestedFunds1","line":330,"loc":{"start":{"line":330,"column":4},"end":{"line":335,"column":4}}},"20":{"name":"releaseFoundationVestedFunds2","line":337,"loc":{"start":{"line":337,"column":4},"end":{"line":342,"column":4}}},"21":{"name":"releaseTokenSaleVestedFunds","line":344,"loc":{"start":{"line":344,"column":4},"end":{"line":349,"column":4}}},"22":{"name":"releaseGameVestedFunds","line":351,"loc":{"start":{"line":351,"column":4},"end":{"line":356,"column":4}}},"23":{"name":"_forwardFunds","line":361,"loc":{"start":{"line":361,"column":4},"end":{"line":363,"column":4}}}},"statementMap":{"1":{"start":{"line":94,"column":8},"end":{"line":94,"column":25}},"2":{"start":{"line":95,"column":8},"end":{"line":95,"column":37}},"3":{"start":{"line":97,"column":8},"end":{"line":97,"column":39}},"4":{"start":{"line":98,"column":8},"end":{"line":98,"column":61}},"5":{"start":{"line":99,"column":8},"end":{"line":99,"column":27}},"6":{"start":{"line":100,"column":8},"end":{"line":100,"column":29}},"7":{"start":{"line":101,"column":8},"end":{"line":101,"column":19}},"8":{"start":{"line":102,"column":8},"end":{"line":102,"column":21}},"9":{"start":{"line":103,"column":8},"end":{"line":103,"column":23}},"10":{"start":{"line":111,"column":8},"end":{"line":111,"column":35}},"11":{"start":{"line":125,"column":8},"end":{"line":125,"column":28}},"12":{"start":{"line":132,"column":8},"end":{"line":132,"column":104}},"13":{"start":{"line":134,"column":8},"end":{"line":134,"column":4450}},"14":{"start":{"line":135,"column":12},"end":{"line":135,"column":142}},"15":{"start":{"line":136,"column":15},"end":{"line":136,"column":4650}},"16":{"start":{"line":137,"column":12},"end":{"line":137,"column":131}},"17":{"start":{"line":140,"column":8},"end":{"line":140,"column":38}},"18":{"start":{"line":141,"column":8},"end":{"line":141,"column":62}},"19":{"start":{"line":142,"column":8},"end":{"line":142,"column":62}},"20":{"start":{"line":144,"column":8},"end":{"line":144,"column":42}},"21":{"start":{"line":145,"column":8},"end":{"line":145,"column":31}},"22":{"start":{"line":146,"column":8},"end":{"line":146,"column":79}},"23":{"start":{"line":148,"column":8},"end":{"line":148,"column":44}},"24":{"start":{"line":150,"column":8},"end":{"line":150,"column":53}},"25":{"start":{"line":151,"column":8},"end":{"line":151,"column":63}},"26":{"start":{"line":153,"column":8},"end":{"line":153,"column":64}},"27":{"start":{"line":154,"column":8},"end":{"line":154,"column":61}},"28":{"start":{"line":156,"column":8},"end":{"line":156,"column":73}},"29":{"start":{"line":158,"column":8},"end":{"line":158,"column":48}},"30":{"start":{"line":159,"column":8},"end":{"line":159,"column":50}},"31":{"start":{"line":160,"column":8},"end":{"line":160,"column":55}},"32":{"start":{"line":161,"column":8},"end":{"line":161,"column":32}},"33":{"start":{"line":163,"column":8},"end":{"line":163,"column":5770}},"34":{"start":{"line":164,"column":12},"end":{"line":164,"column":63}},"35":{"start":{"line":165,"column":15},"end":{"line":165,"column":5954}},"36":{"start":{"line":166,"column":12},"end":{"line":166,"column":67}},"37":{"start":{"line":171,"column":8},"end":{"line":171,"column":15}},"38":{"start":{"line":175,"column":8},"end":{"line":175,"column":17}},"39":{"start":{"line":184,"column":8},"end":{"line":184,"column":42}},"40":{"start":{"line":192,"column":8},"end":{"line":192,"column":97}},"41":{"start":{"line":193,"column":8},"end":{"line":193,"column":90}},"42":{"start":{"line":195,"column":8},"end":{"line":195,"column":6998}},"43":{"start":{"line":196,"column":12},"end":{"line":196,"column":40}},"44":{"start":{"line":197,"column":12},"end":{"line":197,"column":23}},"45":{"start":{"line":198,"column":15},"end":{"line":198,"column":7130}},"46":{"start":{"line":199,"column":12},"end":{"line":199,"column":37}},"47":{"start":{"line":200,"column":12},"end":{"line":200,"column":23}},"48":{"start":{"line":201,"column":15},"end":{"line":201,"column":7256}},"49":{"start":{"line":202,"column":12},"end":{"line":202,"column":41}},"50":{"start":{"line":211,"column":8},"end":{"line":211,"column":85}},"51":{"start":{"line":212,"column":8},"end":{"line":212,"column":19}},"52":{"start":{"line":219,"column":8},"end":{"line":219,"column":96}},"53":{"start":{"line":220,"column":8},"end":{"line":220,"column":72}},"54":{"start":{"line":221,"column":8},"end":{"line":221,"column":91}},"55":{"start":{"line":223,"column":8},"end":{"line":223,"column":83}},"56":{"start":{"line":225,"column":8},"end":{"line":225,"column":45}},"57":{"start":{"line":226,"column":8},"end":{"line":226,"column":8251}},"58":{"start":{"line":233,"column":8},"end":{"line":233,"column":80}},"59":{"start":{"line":235,"column":8},"end":{"line":235,"column":8596}},"60":{"start":{"line":242,"column":8},"end":{"line":242,"column":80}},"61":{"start":{"line":244,"column":8},"end":{"line":244,"column":74}},"62":{"start":{"line":245,"column":8},"end":{"line":245,"column":73}},"63":{"start":{"line":246,"column":8},"end":{"line":246,"column":9136}},"64":{"start":{"line":247,"column":12},"end":{"line":247,"column":50}},"65":{"start":{"line":248,"column":12},"end":{"line":248,"column":58}},"66":{"start":{"line":249,"column":12},"end":{"line":249,"column":9318}},"67":{"start":{"line":258,"column":8},"end":{"line":258,"column":73}},"68":{"start":{"line":259,"column":8},"end":{"line":259,"column":59}},"69":{"start":{"line":260,"column":8},"end":{"line":260,"column":59}},"70":{"start":{"line":261,"column":8},"end":{"line":261,"column":63}},"71":{"start":{"line":263,"column":8},"end":{"line":263,"column":9835}},"72":{"start":{"line":270,"column":8},"end":{"line":270,"column":57}},"73":{"start":{"line":272,"column":8},"end":{"line":272,"column":22}},"74":{"start":{"line":273,"column":8},"end":{"line":273,"column":39}},"75":{"start":{"line":277,"column":8},"end":{"line":277,"column":89}},"76":{"start":{"line":279,"column":8},"end":{"line":279,"column":41}},"77":{"start":{"line":283,"column":8},"end":{"line":283,"column":89}},"78":{"start":{"line":285,"column":8},"end":{"line":285,"column":41}},"79":{"start":{"line":289,"column":8},"end":{"line":289,"column":89}},"80":{"start":{"line":291,"column":8},"end":{"line":291,"column":103}},"81":{"start":{"line":292,"column":8},"end":{"line":292,"column":40}},"82":{"start":{"line":296,"column":8},"end":{"line":296,"column":89}},"83":{"start":{"line":298,"column":8},"end":{"line":298,"column":34}},"84":{"start":{"line":302,"column":8},"end":{"line":302,"column":89}},"85":{"start":{"line":304,"column":8},"end":{"line":304,"column":73}},"86":{"start":{"line":305,"column":8},"end":{"line":305,"column":56}},"87":{"start":{"line":309,"column":8},"end":{"line":309,"column":89}},"88":{"start":{"line":311,"column":8},"end":{"line":311,"column":73}},"89":{"start":{"line":312,"column":8},"end":{"line":312,"column":56}},"90":{"start":{"line":316,"column":8},"end":{"line":316,"column":89}},"91":{"start":{"line":318,"column":8},"end":{"line":318,"column":80}},"92":{"start":{"line":319,"column":8},"end":{"line":319,"column":54}},"93":{"start":{"line":323,"column":8},"end":{"line":323,"column":89}},"94":{"start":{"line":325,"column":8},"end":{"line":325,"column":59}},"95":{"start":{"line":326,"column":8},"end":{"line":326,"column":49}},"96":{"start":{"line":331,"column":8},"end":{"line":331,"column":89}},"97":{"start":{"line":333,"column":8},"end":{"line":333,"column":73}},"98":{"start":{"line":334,"column":8},"end":{"line":334,"column":60}},"99":{"start":{"line":338,"column":8},"end":{"line":338,"column":89}},"100":{"start":{"line":340,"column":8},"end":{"line":340,"column":73}},"101":{"start":{"line":341,"column":8},"end":{"line":341,"column":60}},"102":{"start":{"line":345,"column":8},"end":{"line":345,"column":89}},"103":{"start":{"line":347,"column":8},"end":{"line":347,"column":80}},"104":{"start":{"line":348,"column":8},"end":{"line":348,"column":58}},"105":{"start":{"line":352,"column":8},"end":{"line":352,"column":89}},"106":{"start":{"line":354,"column":8},"end":{"line":354,"column":59}},"107":{"start":{"line":355,"column":8},"end":{"line":355,"column":53}},"108":{"start":{"line":362,"column":8},"end":{"line":362,"column":33}}},"branchMap":{"1":{"line":94,"type":"if","locations":[{"start":{"line":94,"column":8},"end":{"line":94,"column":8}},{"start":{"line":94,"column":8},"end":{"line":94,"column":8}}]},"2":{"line":95,"type":"if","locations":[{"start":{"line":95,"column":8},"end":{"line":95,"column":8}},{"start":{"line":95,"column":8},"end":{"line":95,"column":8}}]},"3":{"line":132,"type":"if","locations":[{"start":{"line":132,"column":8},"end":{"line":132,"column":8}},{"start":{"line":132,"column":8},"end":{"line":132,"column":8}}]},"4":{"line":134,"type":"if","locations":[{"start":{"line":134,"column":8},"end":{"line":134,"column":8}},{"start":{"line":134,"column":8},"end":{"line":134,"column":8}}]},"5":{"line":135,"type":"if","locations":[{"start":{"line":135,"column":12},"end":{"line":135,"column":12}},{"start":{"line":135,"column":12},"end":{"line":135,"column":12}}]},"6":{"line":136,"type":"if","locations":[{"start":{"line":136,"column":15},"end":{"line":136,"column":15}},{"start":{"line":136,"column":15},"end":{"line":136,"column":15}}]},"7":{"line":137,"type":"if","locations":[{"start":{"line":137,"column":12},"end":{"line":137,"column":12}},{"start":{"line":137,"column":12},"end":{"line":137,"column":12}}]},"8":{"line":144,"type":"if","locations":[{"start":{"line":144,"column":8},"end":{"line":144,"column":8}},{"start":{"line":144,"column":8},"end":{"line":144,"column":8}}]},"9":{"line":145,"type":"if","locations":[{"start":{"line":145,"column":8},"end":{"line":145,"column":8}},{"start":{"line":145,"column":8},"end":{"line":145,"column":8}}]},"10":{"line":146,"type":"if","locations":[{"start":{"line":146,"column":8},"end":{"line":146,"column":8}},{"start":{"line":146,"column":8},"end":{"line":146,"column":8}}]},"11":{"line":163,"type":"if","locations":[{"start":{"line":163,"column":8},"end":{"line":163,"column":8}},{"start":{"line":163,"column":8},"end":{"line":163,"column":8}}]},"12":{"line":165,"type":"if","locations":[{"start":{"line":165,"column":15},"end":{"line":165,"column":15}},{"start":{"line":165,"column":15},"end":{"line":165,"column":15}}]},"13":{"line":192,"type":"if","locations":[{"start":{"line":192,"column":8},"end":{"line":192,"column":8}},{"start":{"line":192,"column":8},"end":{"line":192,"column":8}}]},"14":{"line":193,"type":"if","locations":[{"start":{"line":193,"column":8},"end":{"line":193,"column":8}},{"start":{"line":193,"column":8},"end":{"line":193,"column":8}}]},"15":{"line":195,"type":"if","locations":[{"start":{"line":195,"column":8},"end":{"line":195,"column":8}},{"start":{"line":195,"column":8},"end":{"line":195,"column":8}}]},"16":{"line":198,"type":"if","locations":[{"start":{"line":198,"column":15},"end":{"line":198,"column":15}},{"start":{"line":198,"column":15},"end":{"line":198,"column":15}}]},"17":{"line":201,"type":"if","locations":[{"start":{"line":201,"column":15},"end":{"line":201,"column":15}},{"start":{"line":201,"column":15},"end":{"line":201,"column":15}}]},"18":{"line":211,"type":"if","locations":[{"start":{"line":211,"column":8},"end":{"line":211,"column":8}},{"start":{"line":211,"column":8},"end":{"line":211,"column":8}}]},"19":{"line":219,"type":"if","locations":[{"start":{"line":219,"column":8},"end":{"line":219,"column":8}},{"start":{"line":219,"column":8},"end":{"line":219,"column":8}}]},"20":{"line":220,"type":"if","locations":[{"start":{"line":220,"column":8},"end":{"line":220,"column":8}},{"start":{"line":220,"column":8},"end":{"line":220,"column":8}}]},"21":{"line":221,"type":"if","locations":[{"start":{"line":221,"column":8},"end":{"line":221,"column":8}},{"start":{"line":221,"column":8},"end":{"line":221,"column":8}}]},"22":{"line":277,"type":"if","locations":[{"start":{"line":277,"column":8},"end":{"line":277,"column":8}},{"start":{"line":277,"column":8},"end":{"line":277,"column":8}}]},"23":{"line":283,"type":"if","locations":[{"start":{"line":283,"column":8},"end":{"line":283,"column":8}},{"start":{"line":283,"column":8},"end":{"line":283,"column":8}}]},"24":{"line":289,"type":"if","locations":[{"start":{"line":289,"column":8},"end":{"line":289,"column":8}},{"start":{"line":289,"column":8},"end":{"line":289,"column":8}}]},"25":{"line":296,"type":"if","locations":[{"start":{"line":296,"column":8},"end":{"line":296,"column":8}},{"start":{"line":296,"column":8},"end":{"line":296,"column":8}}]},"26":{"line":302,"type":"if","locations":[{"start":{"line":302,"column":8},"end":{"line":302,"column":8}},{"start":{"line":302,"column":8},"end":{"line":302,"column":8}}]},"27":{"line":309,"type":"if","locations":[{"start":{"line":309,"column":8},"end":{"line":309,"column":8}},{"start":{"line":309,"column":8},"end":{"line":309,"column":8}}]},"28":{"line":316,"type":"if","locations":[{"start":{"line":316,"column":8},"end":{"line":316,"column":8}},{"start":{"line":316,"column":8},"end":{"line":316,"column":8}}]},"29":{"line":323,"type":"if","locations":[{"start":{"line":323,"column":8},"end":{"line":323,"column":8}},{"start":{"line":323,"column":8},"end":{"line":323,"column":8}}]},"30":{"line":331,"type":"if","locations":[{"start":{"line":331,"column":8},"end":{"line":331,"column":8}},{"start":{"line":331,"column":8},"end":{"line":331,"column":8}}]},"31":{"line":338,"type":"if","locations":[{"start":{"line":338,"column":8},"end":{"line":338,"column":8}},{"start":{"line":338,"column":8},"end":{"line":338,"column":8}}]},"32":{"line":345,"type":"if","locations":[{"start":{"line":345,"column":8},"end":{"line":345,"column":8}},{"start":{"line":345,"column":8},"end":{"line":345,"column":8}}]},"33":{"line":352,"type":"if","locations":[{"start":{"line":352,"column":8},"end":{"line":352,"column":8}},{"start":{"line":352,"column":8},"end":{"line":352,"column":8}}]}}},"contracts\\OZ_legacy\\Claimable.sol":{"l":{"20":0,"21":0,"29":3,"31":3},"path":"C:\\STUFF\\EMBER_GAME\\ICO\\SOLO_ICO\\emberIcoLatest\\contracts\\OZ_legacy\\Claimable.sol","s":{"1":0,"2":3,"3":3},"b":{"1":[0,0]},"f":{"1":0,"2":3},"fnMap":{"1":{"name":"onlyPendingOwner","line":19,"loc":{"start":{"line":19,"column":2},"end":{"line":22,"column":2}}},"2":{"name":"transferOwnership","line":28,"loc":{"start":{"line":28,"column":2},"end":{"line":32,"column":2}}}},"statementMap":{"1":{"start":{"line":20,"column":4},"end":{"line":20,"column":38}},"2":{"start":{"line":29,"column":4},"end":{"line":29,"column":26}},"3":{"start":{"line":31,"column":4},"end":{"line":31,"column":36}}},"branchMap":{"1":{"line":20,"type":"if","locations":[{"start":{"line":20,"column":4},"end":{"line":20,"column":4}},{"start":{"line":20,"column":4},"end":{"line":20,"column":4}}]}}},"contracts\\OZ_legacy\\TokenVesting.sol":{"l":{"45":19,"46":19,"48":19,"49":19,"50":19,"51":19,"52":19,"60":2,"62":2,"64":2,"66":2,"68":2,"77":0,"78":0,"80":0,"82":0,"83":0,"85":0,"87":0,"89":0,"97":2,"105":2,"106":2,"108":2,"109":0,"111":1,"113":1},"path":"C:\\STUFF\\EMBER_GAME\\ICO\\SOLO_ICO\\emberIcoLatest\\contracts\\OZ_legacy\\TokenVesting.sol","s":{"1":19,"2":19,"3":19,"4":19,"5":19,"6":19,"7":19,"8":2,"9":2,"10":2,"11":2,"12":2,"13":0,"14":0,"15":0,"16":0,"17":0,"18":0,"19":0,"20":0,"21":2,"22":2,"23":2,"24":2,"25":0,"26":2,"27":1,"28":1},"b":{"1":[19,0],"2":[19,0],"3":[2,0],"4":[0,0],"5":[0,0],"6":[0,2],"7":[1,1]},"f":{"1":19,"2":2,"3":0,"4":2,"5":2},"fnMap":{"1":{"name":"constructor","line":44,"loc":{"start":{"line":44,"column":2},"end":{"line":53,"column":2}}},"2":{"name":"release","line":59,"loc":{"start":{"line":59,"column":2},"end":{"line":69,"column":2}}},"3":{"name":"revoke","line":76,"loc":{"start":{"line":76,"column":2},"end":{"line":90,"column":2}}},"4":{"name":"releasableAmount","line":96,"loc":{"start":{"line":96,"column":2},"end":{"line":98,"column":2}}},"5":{"name":"vestedAmount","line":104,"loc":{"start":{"line":104,"column":2},"end":{"line":115,"column":2}}}},"statementMap":{"1":{"start":{"line":45,"column":4},"end":{"line":45,"column":38}},"2":{"start":{"line":46,"column":4},"end":{"line":46,"column":31}},"3":{"start":{"line":48,"column":4},"end":{"line":48,"column":29}},"4":{"start":{"line":49,"column":4},"end":{"line":49,"column":25}},"5":{"start":{"line":50,"column":4},"end":{"line":50,"column":23}},"6":{"start":{"line":51,"column":4},"end":{"line":51,"column":29}},"7":{"start":{"line":52,"column":4},"end":{"line":52,"column":17}},"8":{"start":{"line":60,"column":4},"end":{"line":60,"column":48}},"9":{"start":{"line":62,"column":4},"end":{"line":62,"column":26}},"10":{"start":{"line":64,"column":4},"end":{"line":64,"column":70}},"11":{"start":{"line":66,"column":4},"end":{"line":66,"column":46}},"12":{"start":{"line":68,"column":4},"end":{"line":68,"column":29}},"13":{"start":{"line":77,"column":4},"end":{"line":77,"column":21}},"14":{"start":{"line":78,"column":4},"end":{"line":78,"column":36}},"15":{"start":{"line":80,"column":4},"end":{"line":80,"column":52}},"16":{"start":{"line":82,"column":4},"end":{"line":82,"column":48}},"17":{"start":{"line":83,"column":4},"end":{"line":83,"column":44}},"18":{"start":{"line":85,"column":4},"end":{"line":85,"column":33}},"19":{"start":{"line":87,"column":4},"end":{"line":87,"column":38}},"20":{"start":{"line":89,"column":4},"end":{"line":89,"column":18}},"21":{"start":{"line":97,"column":4},"end":{"line":97,"column":60}},"22":{"start":{"line":105,"column":4},"end":{"line":105,"column":59}},"23":{"start":{"line":106,"column":4},"end":{"line":106,"column":71}},"24":{"start":{"line":108,"column":4},"end":{"line":108,"column":3510}},"25":{"start":{"line":109,"column":6},"end":{"line":109,"column":14}},"26":{"start":{"line":110,"column":11},"end":{"line":110,"column":3570}},"27":{"start":{"line":111,"column":6},"end":{"line":111,"column":25}},"28":{"start":{"line":113,"column":6},"end":{"line":113,"column":71}}},"branchMap":{"1":{"line":45,"type":"if","locations":[{"start":{"line":45,"column":4},"end":{"line":45,"column":4}},{"start":{"line":45,"column":4},"end":{"line":45,"column":4}}]},"2":{"line":46,"type":"if","locations":[{"start":{"line":46,"column":4},"end":{"line":46,"column":4}},{"start":{"line":46,"column":4},"end":{"line":46,"column":4}}]},"3":{"line":62,"type":"if","locations":[{"start":{"line":62,"column":4},"end":{"line":62,"column":4}},{"start":{"line":62,"column":4},"end":{"line":62,"column":4}}]},"4":{"line":77,"type":"if","locations":[{"start":{"line":77,"column":4},"end":{"line":77,"column":4}},{"start":{"line":77,"column":4},"end":{"line":77,"column":4}}]},"5":{"line":78,"type":"if","locations":[{"start":{"line":78,"column":4},"end":{"line":78,"column":4}},{"start":{"line":78,"column":4},"end":{"line":78,"column":4}}]},"6":{"line":108,"type":"if","locations":[{"start":{"line":108,"column":4},"end":{"line":108,"column":4}},{"start":{"line":108,"column":4},"end":{"line":108,"column":4}}]},"7":{"line":110,"type":"if","locations":[{"start":{"line":110,"column":11},"end":{"line":110,"column":11}},{"start":{"line":110,"column":11},"end":{"line":110,"column":11}}]}}},"contracts\\TokenVestingPool.sol":{"l":{"50":63,"51":58,"52":56,"65":29,"67":27,"68":27,"69":27,"87":0,"88":0,"89":0,"130":23,"131":21,"132":19,"135":17,"136":15,"138":13,"139":11,"143":13,"145":13,"154":13,"155":13,"158":13,"160":13,"161":13,"172":4,"183":13},"path":"C:\\STUFF\\EMBER_GAME\\ICO\\SOLO_ICO\\emberIcoLatest\\contracts\\TokenVestingPool.sol","s":{"1":63,"2":58,"3":29,"4":27,"5":27,"6":27,"7":0,"8":0,"9":0,"10":23,"11":21,"12":19,"13":17,"14":15,"15":13,"16":11,"17":13,"18":13,"19":13,"20":13,"21":13,"22":13,"23":13,"24":4,"25":13},"b":{"1":[58,5],"2":[56,2],"3":[27,2],"4":[0,0],"5":[21,2],"6":[19,2],"7":[17,2],"8":[15,2],"9":[13,2],"10":[11,2]},"f":{"1":63,"2":29,"3":0,"4":23,"5":4,"6":13},"fnMap":{"1":{"name":"validAddress","line":49,"loc":{"start":{"line":49,"column":2},"end":{"line":53,"column":2}}},"2":{"name":"constructor","line":64,"loc":{"start":{"line":61,"column":2},"end":{"line":70,"column":2}}},"3":{"name":"addBulkBeneficiary","line":86,"loc":{"start":{"line":80,"column":2},"end":{"line":91,"column":2}}},"4":{"name":"addBeneficiary","line":129,"loc":{"start":{"line":123,"column":2},"end":{"line":162,"column":2}}},"5":{"name":"getDistributionContracts","line":171,"loc":{"start":{"line":169,"column":2},"end":{"line":173,"column":2}}},"6":{"name":"beneficiaryExists","line":180,"loc":{"start":{"line":180,"column":2},"end":{"line":184,"column":2}}}},"statementMap":{"1":{"start":{"line":50,"column":4},"end":{"line":50,"column":31}},"2":{"start":{"line":51,"column":4},"end":{"line":51,"column":34}},"3":{"start":{"line":65,"column":4},"end":{"line":65,"column":27}},"4":{"start":{"line":67,"column":4},"end":{"line":67,"column":17}},"5":{"start":{"line":68,"column":4},"end":{"line":68,"column":27}},"6":{"start":{"line":69,"column":4},"end":{"line":69,"column":24}},"7":{"start":{"line":87,"column":4},"end":{"line":87,"column":49}},"8":{"start":{"line":88,"column":4},"end":{"line":88,"column":2982}},"9":{"start":{"line":89,"column":6},"end":{"line":89,"column":75}},"10":{"start":{"line":130,"column":4},"end":{"line":130,"column":35}},"11":{"start":{"line":131,"column":4},"end":{"line":131,"column":23}},"12":{"start":{"line":132,"column":4},"end":{"line":132,"column":31}},"13":{"start":{"line":135,"column":4},"end":{"line":135,"column":66}},"14":{"start":{"line":136,"column":4},"end":{"line":136,"column":53}},"15":{"start":{"line":138,"column":4},"end":{"line":138,"column":5364}},"16":{"start":{"line":139,"column":6},"end":{"line":139,"column":37}},"17":{"start":{"line":143,"column":4},"end":{"line":143,"column":53}},"18":{"start":{"line":145,"column":4},"end":{"line":145,"column":5561}},"19":{"start":{"line":154,"column":4},"end":{"line":154,"column":77}},"20":{"start":{"line":155,"column":4},"end":{"line":155,"column":54}},"21":{"start":{"line":158,"column":4},"end":{"line":158,"column":53}},"22":{"start":{"line":160,"column":4},"end":{"line":160,"column":71}},"23":{"start":{"line":161,"column":4},"end":{"line":161,"column":32}},"24":{"start":{"line":172,"column":4},"end":{"line":172,"column":57}},"25":{"start":{"line":183,"column":4},"end":{"line":183,"column":68}}},"branchMap":{"1":{"line":50,"type":"if","locations":[{"start":{"line":50,"column":4},"end":{"line":50,"column":4}},{"start":{"line":50,"column":4},"end":{"line":50,"column":4}}]},"2":{"line":51,"type":"if","locations":[{"start":{"line":51,"column":4},"end":{"line":51,"column":4}},{"start":{"line":51,"column":4},"end":{"line":51,"column":4}}]},"3":{"line":65,"type":"if","locations":[{"start":{"line":65,"column":4},"end":{"line":65,"column":4}},{"start":{"line":65,"column":4},"end":{"line":65,"column":4}}]},"4":{"line":87,"type":"if","locations":[{"start":{"line":87,"column":4},"end":{"line":87,"column":4}},{"start":{"line":87,"column":4},"end":{"line":87,"column":4}}]},"5":{"line":130,"type":"if","locations":[{"start":{"line":130,"column":4},"end":{"line":130,"column":4}},{"start":{"line":130,"column":4},"end":{"line":130,"column":4}}]},"6":{"line":131,"type":"if","locations":[{"start":{"line":131,"column":4},"end":{"line":131,"column":4}},{"start":{"line":131,"column":4},"end":{"line":131,"column":4}}]},"7":{"line":132,"type":"if","locations":[{"start":{"line":132,"column":4},"end":{"line":132,"column":4}},{"start":{"line":132,"column":4},"end":{"line":132,"column":4}}]},"8":{"line":135,"type":"if","locations":[{"start":{"line":135,"column":4},"end":{"line":135,"column":4}},{"start":{"line":135,"column":4},"end":{"line":135,"column":4}}]},"9":{"line":136,"type":"if","locations":[{"start":{"line":136,"column":4},"end":{"line":136,"column":4}},{"start":{"line":136,"column":4},"end":{"line":136,"column":4}}]},"10":{"line":138,"type":"if","locations":[{"start":{"line":138,"column":4},"end":{"line":138,"column":4}},{"start":{"line":138,"column":4},"end":{"line":138,"column":4}}]}}}}